<?xml version="1.0" encoding="UTF-8"?>
<!-- Generated by org.testng.reporters.JUnitReportReporter -->
<testsuite hostname="LAPTOP-TJ2PMSNK" failures="0" tests="3" name="com.qa.testcases.SentimentAnalysisTradingPageTest" time="49.021" errors="0" timestamp="2020-08-26T22:57:49 IST" skipped="0">
  <testcase classname="com.qa.testcases.SentimentAnalysisTradingPageTest" name="verifyCourseNameTest" time="15.716"/>
  <system-out/>
  <testcase classname="com.qa.testcases.SentimentAnalysisTradingPageTest" name="verifyPriceTest" time="16.527"/>
  <system-out/>
  <testcase classname="com.qa.testcases.SentimentAnalysisTradingPageTest" name="clickOnEnrollNowtest" time="16.778"/>
  <system-out/>
</testsuite> <!-- com.qa.testcases.SentimentAnalysisTradingPageTest -->
