<?xml version="1.0" encoding="UTF-8"?>
<!-- Generated by org.testng.reporters.JUnitReportReporter -->
<testsuite hostname="LAPTOP-TJ2PMSNK" failures="0" tests="2" name="com.qa.testcases.HomePageTest" time="18.316" errors="0" timestamp="2020-08-26T22:57:49 IST" skipped="0">
  <testcase classname="com.qa.testcases.HomePageTest" name="verifyHomePageTitleTest" time="8.724"/>
  <system-out/>
  <testcase classname="com.qa.testcases.HomePageTest" name="clickOnLoginButtonTest" time="9.592"/>
  <system-out/>
</testsuite> <!-- com.qa.testcases.HomePageTest -->
