<?xml version="1.0" encoding="UTF-8"?>
<!-- Generated by org.testng.reporters.JUnitReportReporter -->
<testsuite hostname="LAPTOP-TJ2PMSNK" failures="0" tests="1" name="com.qa.testcases.LoginPageTest" time="9.039" errors="0" timestamp="2020-08-26T22:57:49 IST" skipped="0">
  <testcase classname="com.qa.testcases.LoginPageTest" name="loginTest" time="9.039"/>
  <system-out/>
</testsuite> <!-- com.qa.testcases.LoginPageTest -->
