<?xml version="1.0" encoding="UTF-8"?>
<!-- Generated by org.testng.reporters.JUnitReportReporter -->
<testsuite hostname="LAPTOP-TJ2PMSNK" failures="0" tests="1" name="com.qa.testcases.DashboardPageTest" time="14.775" errors="0" timestamp="2020-08-26T22:57:49 IST" skipped="0">
  <testcase classname="com.qa.testcases.DashboardPageTest" name="selectOnSentimentAnalysisTrading" time="14.775"/>
  <system-out/>
</testsuite> <!-- com.qa.testcases.DashboardPageTest -->
